q size: 65
has[719] 0 has[241] 0
has[719] 0 (0) has[241] 0

has[719] 0 has[47] 0
has[719] 0 (0) has[47] 0

has[719] 0 has[212] 0
has[719] 0 (0) has[212] 0

has[719] 0 has[819] 0
has[719] 0 (0) has[819] 0

has[719] 0 has[97] 0
has[719] 0 (0) has[97] 0

q size: 64
has[447] 8 has[220] 2
has[447] 10 (10) has[220] 0

has[447] 10 has[80] 7
has[447] 17 (17) has[80] 0

q size: 65
has[598] 9 has[600] 2
has[598] 11 (11) has[600] 0

has[598] 11 has[358] 1
has[598] 12 (12) has[358] 0

has[598] 12 has[267] 4
has[598] 16 (16) has[267] 0

q size: 67
has[719] 0 has[793] 0
has[719] 0 (0) has[793] 0

q size: 66
q size: 65
has[702] 3 has[484] 4
has[702] 7 (7) has[484] 0

q size: 65
has[598] 16 has[262] 3
has[598] 19 (19) has[262] 0

has[598] 19 has[386] 0
has[598] 19 (19) has[386] 0

q size: 66
has[598] 19 has[567] 2
has[598] 21 (21) has[567] 0

q size: 66
has[702] 7 has[792] 5
has[702] 12 (12) has[792] 0

q size: 66
has[81] 1 has[851] 2
has[81] 3 (3) has[851] 0

has[81] 3 has[206] 2
has[81] 5 (5) has[206] 0

has[81] 5 has[351] 4
has[81] 9 (9) has[351] 0

q size: 68
has[255] 0 has[444] 0
has[255] 0 (0) has[444] 0

has[255] 0 has[410] 0
has[255] 0 (0) has[410] 0

has[255] 0 has[20] 0
has[255] 0 (0) has[20] 0

has[255] 0 has[200] 0
has[255] 0 (0) has[200] 0

has[255] 0 has[811] 0
has[255] 0 (0) has[811] 0

has[255] 0 has[717] 0
has[255] 0 (0) has[717] 0

has[255] 0 has[191] 0
has[255] 0 (0) has[191] 0

has[255] 0 has[508] 0
has[255] 0 (0) has[508] 0

has[255] 0 has[62] 0
has[255] 0 (0) has[62] 0

has[255] 0 has[390] 0
has[255] 0 (0) has[390] 0

has[255] 0 has[720] 0
has[255] 0 (0) has[720] 0

has[255] 0 has[676] 0
has[255] 0 (0) has[676] 0

has[255] 0 has[455] 0
has[255] 0 (0) has[455] 0

has[255] 0 has[619] 0
has[255] 0 (0) has[619] 0

has[255] 0 has[739] 0
has[255] 0 (0) has[739] 0

has[255] 0 has[125] 0
has[255] 0 (0) has[125] 0

has[255] 0 has[581] 0
has[255] 0 (0) has[581] 0

has[255] 0 has[681] 0
has[255] 0 (0) has[681] 0

has[255] 0 has[618] 0
has[255] 0 (0) has[618] 0

has[255] 0 has[692] 0
has[255] 0 (0) has[692] 0

has[255] 0 has[126] 0
has[255] 0 (0) has[126] 0

has[255] 0 has[687] 0
has[255] 0 (0) has[687] 0

has[255] 0 has[192] 0
has[255] 0 (0) has[192] 0

has[255] 0 has[299] 0
has[255] 0 (0) has[299] 0

has[255] 0 has[498] 0
has[255] 0 (0) has[498] 0

has[255] 0 has[388] 0
has[255] 0 (0) has[388] 0

has[255] 0 has[178] 0
has[255] 0 (0) has[178] 0

has[255] 0 has[394] 0
has[255] 0 (0) has[394] 0

has[255] 0 has[340] 0
has[255] 0 (0) has[340] 0

has[255] 0 has[537] 0
has[255] 0 (0) has[537] 0

has[255] 0 has[230] 0
has[255] 0 (0) has[230] 0

has[255] 0 has[624] 0
has[255] 0 (0) has[624] 0

has[255] 0 has[530] 0
has[255] 0 (0) has[530] 0

has[255] 0 has[131] 0
has[255] 0 (0) has[131] 0

has[255] 0 has[764] 0
has[255] 0 (0) has[764] 0

has[255] 0 has[829] 0
has[255] 0 (0) has[829] 0

has[255] 0 has[372] 0
has[255] 0 (0) has[372] 0

has[255] 0 has[589] 0
has[255] 0 (0) has[589] 0

has[255] 0 has[479] 0
has[255] 0 (0) has[479] 0

has[255] 0 has[408] 0
has[255] 0 (0) has[408] 0

has[255] 0 has[240] 0
has[255] 0 (0) has[240] 0

has[255] 0 has[707] 0
has[255] 0 (0) has[707] 0

has[255] 0 has[88] 0
has[255] 0 (0) has[88] 0

has[255] 0 has[332] 0
has[255] 0 (0) has[332] 0

has[255] 0 has[587] 0
has[255] 0 (0) has[587] 0

has[255] 0 has[802] 0
has[255] 0 (0) has[802] 0

has[255] 0 has[333] 0
has[255] 0 (0) has[333] 0

has[255] 0 has[794] 0
has[255] 0 (0) has[794] 0

has[255] 0 has[671] 0
has[255] 0 (0) has[671] 0

has[255] 0 has[60] 0
has[255] 0 (0) has[60] 0

has[255] 0 has[492] 0
has[255] 0 (0) has[492] 0

has[255] 0 has[55] 0
has[255] 0 (0) has[55] 0

has[255] 0 has[75] 0
has[255] 0 (0) has[75] 0

has[255] 0 has[535] 0
has[255] 0 (0) has[535] 0

has[255] 0 has[310] 0
has[255] 0 (0) has[310] 0

has[255] 0 has[237] 0
has[255] 0 (0) has[237] 0

has[255] 0 has[373] 0
has[255] 0 (0) has[373] 0

has[255] 0 has[4] 0
has[255] 0 (0) has[4] 0

has[255] 0 has[114] 0
has[255] 0 (0) has[114] 0

has[255] 0 has[385] 0
has[255] 0 (0) has[385] 0

has[255] 0 has[342] 0
has[255] 0 (0) has[342] 0

has[255] 0 has[815] 0
has[255] 0 (0) has[815] 0

has[255] 0 has[422] 0
has[255] 0 (0) has[422] 0

has[255] 0 has[475] 0
has[255] 0 (0) has[475] 0

has[255] 0 has[632] 0
has[255] 0 (0) has[632] 0

has[255] 0 has[279] 0
has[255] 0 (0) has[279] 0

has[255] 0 has[456] 0
has[255] 0 (0) has[456] 0

has[255] 0 has[223] 0
has[255] 0 (0) has[223] 0

has[255] 0 has[147] 0
has[255] 0 (0) has[147] 0

has[255] 0 has[52] 0
has[255] 0 (0) has[52] 0

has[255] 0 has[17] 0
has[255] 0 (0) has[17] 0

has[255] 0 has[185] 0
has[255] 0 (0) has[185] 0

has[255] 0 has[36] 0
has[255] 0 (0) has[36] 0

has[255] 0 has[407] 0
has[255] 0 (0) has[407] 0

has[255] 0 has[480] 0
has[255] 0 (0) has[480] 0

has[255] 0 has[744] 0
has[255] 0 (0) has[744] 0

has[255] 0 has[146] 0
has[255] 0 (0) has[146] 0

has[255] 0 has[83] 0
has[255] 0 (0) has[83] 0

has[255] 0 has[633] 0
has[255] 0 (0) has[633] 0

has[255] 0 has[198] 0
has[255] 0 (0) has[198] 0

has[255] 0 has[637] 0
has[255] 0 (0) has[637] 0

has[255] 0 has[242] 0
has[255] 0 (0) has[242] 0

has[255] 0 has[749] 0
has[255] 0 (0) has[749] 0

has[255] 0 has[552] 0
has[255] 0 (0) has[552] 0

has[255] 0 has[430] 0
has[255] 0 (0) has[430] 0

has[255] 0 has[104] 0
has[255] 0 (0) has[104] 0

has[255] 0 has[747] 0
has[255] 0 (0) has[747] 0

has[255] 0 has[44] 0
has[255] 0 (0) has[44] 0

has[255] 0 has[380] 0
has[255] 0 (0) has[380] 0

has[255] 0 has[568] 0
has[255] 0 (0) has[568] 0

has[255] 0 has[487] 0
has[255] 0 (0) has[487] 0

has[255] 0 has[239] 0
has[255] 0 (0) has[239] 0

has[255] 0 has[163] 0
has[255] 0 (0) has[163] 0

has[255] 0 has[737] 0
has[255] 0 (0) has[737] 0

has[255] 0 has[176] 0
has[255] 0 (0) has[176] 0

has[255] 0 has[118] 0
has[255] 0 (0) has[118] 0

has[255] 0 has[245] 0
has[255] 0 (0) has[245] 0

has[255] 0 has[839] 0
has[255] 0 (0) has[839] 0

has[255] 0 has[525] 0
has[255] 0 (0) has[525] 0

has[255] 0 has[824] 0
has[255] 0 (0) has[824] 0

has[255] 0 has[82] 0
has[255] 0 (0) has[82] 0

has[255] 0 has[137] 0
has[255] 0 (0) has[137] 0

has[255] 0 has[181] 0
has[255] 0 (0) has[181] 0

has[255] 0 has[791] 0
has[255] 0 (0) has[791] 0

has[255] 0 has[788] 0
has[255] 0 (0) has[788] 0

has[255] 0 has[229] 0
has[255] 0 (0) has[229] 0

has[255] 0 has[302] 0
has[255] 0 (0) has[302] 0

has[255] 0 has[770] 0
has[255] 0 (0) has[770] 0

has[255] 0 has[849] 0
has[255] 0 (0) has[849] 0

has[255] 0 has[86] 0
has[255] 0 (0) has[86] 0

has[255] 0 has[457] 0
has[255] 0 (0) has[457] 0

has[255] 0 has[154] 0
has[255] 0 (0) has[154] 0

has[255] 0 has[115] 0
has[255] 0 (0) has[115] 0

has[255] 0 has[684] 0
has[255] 0 (0) has[684] 0

has[255] 0 has[30] 0
has[255] 0 (0) has[30] 0

has[255] 0 has[69] 0
has[255] 0 (0) has[69] 0

has[255] 0 has[315] 0
has[255] 0 (0) has[315] 0

has[255] 0 has[672] 0
has[255] 0 (0) has[672] 0

has[255] 0 has[575] 0
has[255] 0 (0) has[575] 0

has[255] 0 has[187] 0
has[255] 0 (0) has[187] 0

has[255] 0 has[133] 0
has[255] 0 (0) has[133] 0

has[255] 0 has[540] 0
has[255] 0 (0) has[540] 0

has[255] 0 has[686] 0
has[255] 0 (0) has[686] 0

has[255] 0 has[551] 0
has[255] 0 (0) has[551] 0

has[255] 0 has[34] 0
has[255] 0 (0) has[34] 0

has[255] 0 has[610] 0
has[255] 0 (0) has[610] 0

has[255] 0 has[38] 0
has[255] 0 (0) has[38] 0

has[255] 0 has[266] 0
has[255] 0 (0) has[266] 0

has[255] 0 has[458] 0
has[255] 0 (0) has[458] 0

has[255] 0 has[569] 0
has[255] 0 (0) has[569] 0

has[255] 0 has[621] 0
has[255] 0 (0) has[621] 0

has[255] 0 has[45] 0
has[255] 0 (0) has[45] 0

has[255] 0 has[412] 0
has[255] 0 (0) has[412] 0

has[255] 0 has[409] 0
has[255] 0 (0) has[409] 0

has[255] 0 has[563] 0
has[255] 0 (0) has[563] 0

has[255] 0 has[189] 0
has[255] 0 (0) has[189] 0

has[255] 0 has[392] 0
has[255] 0 (0) has[392] 0

has[255] 0 has[312] 0
has[255] 0 (0) has[312] 0

has[255] 0 has[562] 0
has[255] 0 (0) has[562] 0

has[255] 0 has[48] 0
has[255] 0 (0) has[48] 0

has[255] 0 has[771] 0
has[255] 0 (0) has[771] 0

has[255] 0 has[640] 0
has[255] 0 (0) has[640] 0

has[255] 0 has[253] 0
has[255] 0 (0) has[253] 0

has[255] 0 has[280] 0
has[255] 0 (0) has[280] 0

has[255] 0 has[773] 0
has[255] 0 (0) has[773] 0

has[255] 0 has[648] 0
has[255] 0 (0) has[648] 0

has[255] 0 has[109] 0
has[255] 0 (0) has[109] 0

has[255] 0 has[556] 0
has[255] 0 (0) has[556] 0

has[255] 0 has[752] 250
has[255] 250 (250) has[752] 0

has[255] 250 has[95] 0
has[255] 250 (250) has[95] 0

has[255] 250 has[848] 0
has[255] 250 (250) has[848] 0

has[255] 250 has[405] 0
has[255] 250 (250) has[405] 0

has[255] 250 has[757] 0
has[255] 250 (250) has[757] 0

has[255] 250 has[224] 0
has[255] 250 (250) has[224] 0

has[255] 250 has[130] 0
has[255] 250 (250) has[130] 0

has[255] 250 has[555] 0
has[255] 250 (250) has[555] 0

has[255] 250 has[156] 0
has[255] 250 (250) has[156] 0

has[255] 250 has[630] 0
has[255] 250 (250) has[630] 0

has[255] 250 has[774] 0
has[255] 250 (250) has[774] 0

has[255] 250 has[678] 0
has[255] 250 (250) has[678] 0

has[255] 250 has[57] 0
has[255] 250 (250) has[57] 0

has[255] 250 has[482] 0
has[255] 250 (250) has[482] 0

has[255] 250 has[35] 0
has[255] 250 (250) has[35] 0

has[255] 250 has[451] 0
has[255] 250 (250) has[451] 0

has[255] 250 has[534] 0
has[255] 250 (250) has[534] 0

has[255] 250 has[436] 0
has[255] 250 (250) has[436] 0

has[255] 250 has[708] 0
has[255] 250 (250) has[708] 0

has[255] 250 has[283] 0
has[255] 250 (250) has[283] 0

has[255] 250 has[464] 0
has[255] 250 (250) has[464] 0

has[255] 250 has[105] 0
has[255] 250 (250) has[105] 0

has[255] 250 has[391] 0
has[255] 250 (250) has[391] 0

has[255] 250 has[381] 0
has[255] 250 (250) has[381] 0

has[255] 250 has[165] 0
has[255] 250 (250) has[165] 0

has[255] 250 has[625] 0
has[255] 250 (250) has[625] 0

has[255] 250 has[363] 0
has[255] 250 (250) has[363] 0

has[255] 250 has[501] 0
has[255] 250 (250) has[501] 0

has[255] 250 has[121] 0
has[255] 250 (250) has[121] 0

has[255] 250 has[709] 0
has[255] 250 (250) has[709] 0

has[255] 250 has[260] 0
has[255] 250 (250) has[260] 0

has[255] 250 has[746] 0
has[255] 250 (250) has[746] 0

has[255] 250 has[369] 0
has[255] 250 (250) has[369] 0

has[255] 250 has[445] 0
has[255] 250 (250) has[445] 0

has[255] 250 has[751] 0
has[255] 250 (250) has[751] 0

has[255] 250 has[776] 0
has[255] 250 (250) has[776] 0

has[255] 250 has[591] 0
has[255] 250 (250) has[591] 0

has[255] 250 has[73] 0
has[255] 250 (250) has[73] 0

has[255] 250 has[190] 0
has[255] 250 (250) has[190] 0

has[255] 250 has[594] 0
has[255] 250 (250) has[594] 0

has[255] 250 has[453] 0
has[255] 250 (250) has[453] 0

has[255] 250 has[328] 0
has[255] 250 (250) has[328] 0

has[255] 250 has[503] 0
has[255] 250 (250) has[503] 0

has[255] 250 has[586] 0
has[255] 250 (250) has[586] 0

has[255] 250 has[491] 0
has[255] 250 (250) has[491] 0

has[255] 250 has[449] 0
has[255] 250 (250) has[449] 0

has[255] 250 has[414] 0
has[255] 250 (250) has[414] 0

has[255] 250 has[138] 0
has[255] 250 (250) has[138] 0

has[255] 250 has[519] 0
has[255] 250 (250) has[519] 0

has[255] 250 has[736] 0
has[255] 250 (250) has[736] 0

has[255] 250 has[777] 0
has[255] 250 (250) has[777] 0

has[255] 250 has[844] 0
has[255] 250 (250) has[844] 0

has[255] 250 has[419] 0
has[255] 250 (250) has[419] 0

has[255] 250 has[140] 0
has[255] 250 (250) has[140] 0

has[255] 250 has[755] 0
has[255] 250 (250) has[755] 0

has[255] 250 has[359] 0
has[255] 250 (250) has[359] 0

has[255] 250 has[462] 0
has[255] 250 (250) has[462] 0

has[255] 250 has[650] 0
has[255] 250 (250) has[650] 0

has[255] 250 has[706] 0
has[255] 250 (250) has[706] 0

has[255] 250 has[638] 0
has[255] 250 (250) has[638] 0

has[255] 250 has[124] 0
has[255] 250 (250) has[124] 0

has[255] 250 has[415] 0
has[255] 250 (250) has[415] 0

has[255] 250 has[215] 0
has[255] 250 (250) has[215] 0

has[255] 250 has[222] 0
has[255] 250 (250) has[222] 0

has[255] 250 has[429] 0
has[255] 250 (250) has[429] 0

has[255] 250 has[679] 0
has[255] 250 (250) has[679] 0

has[255] 250 has[558] 0
has[255] 250 (250) has[558] 0

has[255] 250 has[767] 0
has[255] 250 (250) has[767] 0

has[255] 250 has[570] 0
has[255] 250 (250) has[570] 0

has[255] 250 has[845] 0
has[255] 250 (250) has[845] 0

has[255] 250 has[307] 0
has[255] 250 (250) has[307] 0

has[255] 250 has[443] 0
has[255] 250 (250) has[443] 0

has[255] 250 has[194] 0
has[255] 250 (250) has[194] 0

has[255] 250 has[208] 0
has[255] 250 (250) has[208] 0

has[255] 250 has[583] 0
has[255] 250 (250) has[583] 0

has[255] 250 has[626] 0
has[255] 250 (250) has[626] 0

has[255] 250 has[472] 0
has[255] 250 (250) has[472] 0

has[255] 250 has[734] 0
has[255] 250 (250) has[734] 0

has[255] 250 has[653] 0
has[255] 250 (250) has[653] 0

has[255] 250 has[84] 0
has[255] 250 (250) has[84] 0

has[255] 250 has[15] 0
has[255] 250 (250) has[15] 0

has[255] 250 has[514] 0
has[255] 250 (250) has[514] 0

has[255] 250 has[585] 0
has[255] 250 (250) has[585] 0

has[255] 250 has[623] 0
has[255] 250 (250) has[623] 0

has[255] 250 has[106] 0
has[255] 250 (250) has[106] 0

has[255] 250 has[732] 0
has[255] 250 (250) has[732] 0

has[255] 250 has[818] 0
has[255] 250 (250) has[818] 0

has[255] 250 has[748] 0
has[255] 250 (250) has[748] 0

has[255] 250 has[783] 0
has[255] 250 (250) has[783] 0

has[255] 250 has[355] 0
has[255] 250 (250) has[355] 0

has[255] 250 has[588] 0
has[255] 250 (250) has[588] 0

has[255] 250 has[207] 0
has[255] 250 (250) has[207] 0

has[255] 250 has[573] 0
has[255] 250 (250) has[573] 0

has[255] 250 has[396] 0
has[255] 250 (250) has[396] 0

has[255] 250 has[300] 0
has[255] 250 (250) has[300] 0

has[255] 250 has[66] 0
has[255] 250 (250) has[66] 0

has[255] 250 has[529] 0
has[255] 250 (250) has[529] 0

has[255] 250 has[295] 0
has[255] 250 (250) has[295] 0

has[255] 250 has[63] 0
has[255] 250 (250) has[63] 0

has[255] 250 has[821] 0
has[255] 250 (250) has[821] 0

has[255] 250 has[504] 0
has[255] 250 (250) has[504] 0

q size: 168
has[813] 2 has[23] 1
has[813] 3 (4) has[23] 0

has[813] 3 has[43] 1
has[813] 4 (9) has[43] 0

has[813] 4 has[122] 0
has[813] 4 (9) has[122] 0

has[813] 4 has[477] 4
has[813] 8 (13) has[477] 0

q size: 171
has[81] 9 has[352] 2
has[81] 11 (11) has[352] 0

has[81] 11 has[136] 1
has[81] 12 (12) has[136] 0

has[81] 12 has[90] 1
has[81] 13 (14) has[90] 0

q size: 173
q size: 172
has[561] 2 has[301] 3
has[561] 5 (5) has[301] 0

q size: 172
has[22] 0 has[801] 0
has[22] 0 (0) has[801] 0

q size: 171
q size: 170
q size: 169
q size: 168
q size: 167
has[598] 21 has[184] 1
has[598] 22 (22) has[184] 0

q size: 167
q size: 166
has[308] 4 has[446] 3
has[308] 7 (7) has[446] 0

has[447] 17 has[308] 7
has[447] 24 (24) has[308] 0

has[447] 24 has[275] 3
has[447] 27 (28) has[275] 0

q size: 168
has[702] 12 has[543] 2
has[702] 14 (14) has[543] 0

q size: 168
q size: 167
has[524] 0 has[576] 0
has[524] 0 (0) has[576] 0

has[22] 0 has[524] 0
has[22] 0 (0) has[524] 0

q size: 166
q size: 165
has[22] 0 has[361] 0
has[22] 0 (0) has[361] 0

q size: 164
has[598] 22 has[420] 7
has[598] 29 (29) has[420] 0

q size: 164
q size: 163
q size: 162
q size: 161
has[268] 1 has[276] 1
has[268] 2 (2) has[276] 0

q size: 161
q size: 160
q size: 159
has[447] 22 has[33] 1
has[447] 23 (30) has[33] 0

q size: 159
has[180] 0 has[688] 0
has[180] 0 (0) has[688] 0

has[180] 0 has[665] 0
has[180] 0 (0) has[665] 0

has[180] 0 has[463] 0
has[180] 0 (0) has[463] 0

has[22] 0 has[180] 0
has[22] 0 (0) has[180] 0

q size: 158
q size: 157
q size: 156
q size: 155
has[702] 14 has[100] 1
has[702] 15 (15) has[100] 0

has[702] 15 has[715] 3
has[702] 18 (18) has[715] 0

q size: 156
q size: 155
has[719] 0 has[31] 0
has[719] 0 (0) has[31] 0

q size: 154
q size: 153
q size: 152
q size: 151
has[813] 8 has[659] 3
has[813] 11 (16) has[659] 0

q size: 151
has[561] 1 has[76] 1
has[561] 2 (6) has[76] 0

has[561] 2 has[614] 2
has[561] 4 (8) has[614] 0

has[561] 4 has[183] 1
has[561] 5 (9) has[183] 0

has[561] 5 has[25] 1
has[561] 6 (10) has[25] 0

has[561] 6 has[306] 1
has[561] 7 (11) has[306] 0

has[561] 7 has[703] 4
has[561] 11 (15) has[703] 0

has[561] 11 has[834] 1
has[561] 12 (16) has[834] 0

has[561] 12 has[193] 1
has[561] 13 (17) has[193] 0

has[561] 13 has[827] 3
has[561] 16 (20) has[827] 0

has[561] 16 has[493] 1
has[561] 17 (23) has[493] 0

q size: 160
has[81] 13 has[846] 2
has[81] 15 (16) has[846] 0

has[81] 15 has[786] 3
has[81] 18 (19) has[786] 0

has[81] 18 has[500] 1
has[81] 19 (20) has[500] 0

has[81] 19 has[96] 1
has[81] 20 (21) has[96] 0

q size: 163
q size: 162
q size: 161
q size: 160
has[813] 11 has[196] 1
has[813] 12 (20) has[196] 0

has[813] 12 has[532] 1
has[813] 13 (23) has[532] 0

has[813] 13 has[601] 1
has[813] 14 (24) has[601] 0

q size: 162
q size: 161
q size: 160
q size: 159
q size: 158
q size: 157
q size: 156
q size: 155
q size: 154
has[719] 0 has[754] 0
has[719] 0 (0) has[754] 0

has[719] 0 has[238] 0
has[719] 0 (0) has[238] 0

q size: 153
q size: 152
q size: 151
q size: 150
q size: 149
q size: 148
q size: 147
q size: 146
q size: 145
q size: 144
q size: 143
q size: 142
q size: 141
q size: 140
has[702] 1 has[740] 1
has[702] 2 (18) has[740] 0

has[702] 2 has[42] 1
has[702] 3 (19) has[42] 0

has[702] 3 has[274] 1
has[702] 4 (20) has[274] 0

has[702] 4 has[760] 1
has[702] 5 (22) has[760] 0

q size: 143
q size: 142
q size: 141
has[705] 0 has[743] 0
has[705] 0 (0) has[743] 0

has[705] 0 has[712] 0
has[705] 0 (0) has[712] 0

has[705] 0 has[7] 0
has[705] 0 (0) has[7] 0

has[705] 0 has[316] 0
has[705] 0 (0) has[316] 0

has[705] 0 has[547] 0
has[705] 0 (0) has[547] 0

has[705] 0 has[397] 0
has[705] 0 (0) has[397] 0

has[705] 0 has[225] 0
has[705] 0 (0) has[225] 0

has[705] 0 has[613] 0
has[705] 0 (0) has[613] 0

has[705] 0 has[730] 0
has[705] 0 (0) has[730] 0

has[705] 0 has[151] 0
has[705] 0 (0) has[151] 0

has[705] 0 has[606] 0
has[705] 0 (0) has[606] 0

has[705] 0 has[378] 0
has[705] 0 (0) has[378] 0

has[705] 0 has[615] 0
has[705] 0 (0) has[615] 0

has[705] 0 has[701] 0
has[705] 0 (0) has[701] 0

has[705] 0 has[318] 0
has[705] 0 (0) has[318] 0

has[705] 0 has[250] 0
has[705] 0 (0) has[250] 0

has[705] 0 has[435] 0
has[705] 0 (0) has[435] 0

has[705] 0 has[226] 0
has[705] 0 (0) has[226] 0

has[705] 0 has[278] 0
has[705] 0 (0) has[278] 0

has[705] 0 has[311] 0
has[705] 0 (0) has[311] 0

has[705] 0 has[281] 0
has[705] 0 (0) has[281] 0

has[705] 0 has[79] 0
has[705] 0 (0) has[79] 0

has[705] 0 has[769] 0
has[705] 0 (0) has[769] 0

has[705] 0 has[837] 0
has[705] 0 (0) has[837] 0

has[705] 0 has[825] 0
has[705] 0 (0) has[825] 0

has[705] 0 has[366] 0
has[705] 0 (0) has[366] 0

has[705] 0 has[753] 0
has[705] 0 (0) has[753] 0

has[705] 0 has[202] 0
has[705] 0 (0) has[202] 0

has[705] 0 has[303] 0
has[705] 0 (0) has[303] 0

has[705] 0 has[549] 0
has[705] 0 (0) has[549] 0

has[705] 0 has[277] 0
has[705] 0 (0) has[277] 0

has[705] 0 has[244] 0
has[705] 0 (0) has[244] 0

has[705] 0 has[523] 0
has[705] 0 (0) has[523] 0

has[705] 0 has[319] 0
has[705] 0 (0) has[319] 0

has[705] 0 has[259] 0
has[705] 0 (0) has[259] 0

has[705] 0 has[323] 0
has[705] 0 (0) has[323] 0

has[705] 0 has[293] 0
has[705] 0 (0) has[293] 0

has[705] 0 has[400] 0
has[705] 0 (0) has[400] 0

has[705] 0 has[11] 0
has[705] 0 (0) has[11] 0

has[705] 0 has[838] 0
has[705] 0 (0) has[838] 0

has[705] 0 has[331] 0
has[705] 0 (0) has[331] 0

has[705] 0 has[41] 0
has[705] 0 (0) has[41] 0

has[705] 0 has[699] 0
has[705] 0 (0) has[699] 0

has[705] 0 has[71] 0
has[705] 0 (0) has[71] 0

has[705] 0 has[604] 0
has[705] 0 (0) has[604] 0

has[705] 0 has[289] 0
has[705] 0 (0) has[289] 0

has[705] 0 has[141] 0
has[705] 0 (0) has[141] 0

has[705] 0 has[428] 0
has[705] 0 (0) has[428] 0

has[705] 0 has[129] 0
has[705] 0 (0) has[129] 0

has[705] 0 has[636] 0
has[705] 0 (0) has[636] 0

has[705] 0 has[258] 0
has[705] 0 (0) has[258] 0

has[705] 0 has[117] 0
has[705] 0 (0) has[117] 0

has[705] 0 has[248] 0
has[705] 0 (0) has[248] 0

has[705] 0 has[51] 0
has[705] 0 (0) has[51] 0

has[705] 0 has[93] 0
has[705] 0 (0) has[93] 0

has[705] 0 has[153] 0
has[705] 0 (0) has[153] 0

has[705] 0 has[374] 0
has[705] 0 (0) has[374] 0

has[705] 0 has[362] 0
has[705] 0 (0) has[362] 0

has[705] 0 has[371] 0
has[705] 0 (0) has[371] 0

has[705] 0 has[539] 0
has[705] 0 (0) has[539] 0

has[705] 0 has[560] 0
has[705] 0 (0) has[560] 0

has[705] 0 has[554] 0
has[705] 0 (0) has[554] 0

has[705] 0 has[565] 0
has[705] 0 (0) has[565] 0

has[705] 0 has[339] 0
has[705] 0 (0) has[339] 0

has[705] 0 has[442] 0
has[705] 0 (0) has[442] 0

has[705] 0 has[486] 0
has[705] 0 (0) has[486] 0

has[705] 0 has[533] 0
has[705] 0 (0) has[533] 0

has[705] 0 has[13] 0
has[705] 0 (0) has[13] 0

has[705] 0 has[674] 0
has[705] 0 (0) has[674] 0

has[705] 0 has[149] 0
has[705] 0 (0) has[149] 0

has[705] 0 has[135] 0
has[705] 0 (0) has[135] 0

has[705] 0 has[387] 0
has[705] 0 (0) has[387] 0

has[705] 0 has[433] 0
has[705] 0 (0) has[433] 0

has[705] 0 has[368] 0
has[705] 0 (0) has[368] 0

has[705] 0 has[496] 0
has[705] 0 (0) has[496] 0

has[705] 0 has[797] 0
has[705] 0 (0) has[797] 0

has[705] 0 has[620] 0
has[705] 0 (0) has[620] 0

has[705] 0 has[655] 0
has[705] 0 (0) has[655] 0

has[705] 0 has[596] 0
has[705] 0 (0) has[596] 0

has[705] 0 has[285] 0
has[705] 0 (0) has[285] 0

has[705] 0 has[728] 0
has[705] 0 (0) has[728] 0

has[705] 0 has[336] 0
has[705] 0 (0) has[336] 0

has[705] 0 has[231] 0
has[705] 0 (0) has[231] 0

has[705] 0 has[92] 0
has[705] 0 (0) has[92] 0

has[705] 0 has[29] 0
has[705] 0 (0) has[29] 0

has[705] 0 has[689] 0
has[705] 0 (0) has[689] 0

has[705] 0 has[809] 0
has[705] 0 (0) has[809] 0

has[705] 0 has[515] 0
has[705] 0 (0) has[515] 0

has[705] 0 has[144] 0
has[705] 0 (0) has[144] 0

has[705] 0 has[510] 0
has[705] 0 (0) has[510] 0

has[705] 0 has[592] 0
has[705] 0 (0) has[592] 0

has[705] 0 has[651] 0
has[705] 0 (0) has[651] 0

has[705] 0 has[467] 0
has[705] 0 (0) has[467] 0

has[705] 0 has[775] 0
has[705] 0 (0) has[775] 0

has[705] 0 has[758] 0
has[705] 0 (0) has[758] 0

has[705] 0 has[102] 0
has[705] 0 (0) has[102] 0

has[705] 0 has[134] 0
has[705] 0 (0) has[134] 0

has[705] 0 has[649] 0
has[705] 0 (0) has[649] 0

has[705] 0 has[61] 0
has[705] 0 (0) has[61] 0

has[705] 0 has[690] 0
has[705] 0 (0) has[690] 0

has[705] 0 has[622] 0
has[705] 0 (0) has[622] 0

has[705] 0 has[474] 0
has[705] 0 (0) has[474] 0

has[705] 0 has[77] 0
has[705] 0 (0) has[77] 0

has[705] 0 has[99] 0
has[705] 0 (0) has[99] 0

has[705] 0 has[494] 0
has[705] 0 (0) has[494] 0

has[705] 0 has[483] 0
has[705] 0 (0) has[483] 0

has[705] 0 has[346] 0
has[705] 0 (0) has[346] 0

has[705] 0 has[512] 0
has[705] 0 (0) has[512] 0

has[705] 0 has[26] 0
has[705] 0 (0) has[26] 0

has[705] 0 has[782] 0
has[705] 0 (0) has[782] 0

has[705] 0 has[320] 0
has[705] 0 (0) has[320] 0

has[705] 0 has[27] 0
has[705] 0 (0) has[27] 0

has[705] 0 has[78] 0
has[705] 0 (0) has[78] 0

has[705] 0 has[12] 0
has[705] 0 (0) has[12] 0

has[705] 0 has[271] 0
has[705] 0 (0) has[271] 0

has[705] 0 has[160] 0
has[705] 0 (0) has[160] 0

has[705] 0 has[471] 0
has[705] 0 (0) has[471] 0

has[705] 0 has[298] 0
has[705] 0 (0) has[298] 0

has[705] 0 has[787] 0
has[705] 0 (0) has[787] 0

has[705] 0 has[602] 0
has[705] 0 (0) has[602] 0

has[705] 0 has[403] 0
has[705] 0 (0) has[403] 0

has[705] 0 has[347] 0
has[705] 0 (0) has[347] 0

has[705] 0 has[213] 0
has[705] 0 (0) has[213] 0

has[705] 0 has[595] 0
has[705] 0 (0) has[595] 0

has[705] 0 has[750] 0
has[705] 0 (0) has[750] 0

has[705] 0 has[841] 0
has[705] 0 (0) has[841] 0

has[705] 0 has[727] 0
has[705] 0 (0) has[727] 0

has[705] 0 has[421] 0
has[705] 0 (0) has[421] 0

has[705] 0 has[590] 0
has[705] 0 (0) has[590] 0

has[705] 0 has[544] 0
has[705] 0 (0) has[544] 0

has[705] 0 has[406] 0
has[705] 0 (0) has[406] 0

has[705] 0 has[741] 0
has[705] 0 (0) has[741] 0

has[705] 0 has[571] 0
has[705] 0 (0) has[571] 0

has[705] 0 has[473] 0
has[705] 0 (0) has[473] 0

has[705] 0 has[609] 0
has[705] 0 (0) has[609] 0

has[705] 0 has[148] 0
has[705] 0 (0) has[148] 0

has[705] 0 has[50] 0
has[705] 0 (0) has[50] 0

has[705] 0 has[287] 0
has[705] 0 (0) has[287] 0

has[705] 0 has[21] 0
has[705] 0 (0) has[21] 0

has[705] 0 has[725] 0
has[705] 0 (0) has[725] 0

has[705] 0 has[107] 0
has[705] 0 (0) has[107] 0

has[705] 0 has[790] 0
has[705] 0 (0) has[790] 0

has[705] 0 has[677] 0
has[705] 0 (0) has[677] 0

has[705] 0 has[349] 0
has[705] 0 (0) has[349] 0

has[705] 0 has[847] 0
has[705] 0 (0) has[847] 0

has[705] 0 has[574] 0
has[705] 0 (0) has[574] 0

has[705] 0 has[603] 0
has[705] 0 (0) has[603] 0

has[705] 0 has[536] 0
has[705] 0 (0) has[536] 0

has[705] 0 has[810] 0
has[705] 0 (0) has[810] 0

has[705] 0 has[511] 0
has[705] 0 (0) has[511] 0

has[705] 0 has[842] 0
has[705] 0 (0) has[842] 0

has[705] 0 has[470] 0
has[705] 0 (0) has[470] 0

has[705] 0 has[305] 0
has[705] 0 (0) has[305] 0

has[705] 0 has[150] 0
has[705] 0 (0) has[150] 0

has[705] 0 has[273] 0
has[705] 0 (0) has[273] 0

has[705] 0 has[441] 0
has[705] 0 (0) has[441] 0

has[705] 0 has[469] 0
has[705] 0 (0) has[469] 0

has[705] 0 has[85] 0
has[705] 0 (0) has[85] 0

has[705] 0 has[166] 0
has[705] 0 (0) has[166] 0

has[705] 0 has[460] 0
has[705] 0 (0) has[460] 0

has[705] 0 has[9] 0
has[705] 0 (0) has[9] 0

has[705] 0 has[423] 0
has[705] 0 (0) has[423] 0

has[705] 0 has[722] 0
has[705] 0 (0) has[722] 0

has[705] 0 has[582] 0
has[705] 0 (0) has[582] 0

has[705] 0 has[704] 0
has[705] 0 (0) has[704] 0

has[705] 0 has[404] 0
has[705] 0 (0) has[404] 0

has[705] 0 has[795] 0
has[705] 0 (0) has[795] 0

has[705] 0 has[843] 0
has[705] 0 (0) has[843] 0

has[705] 0 has[772] 0
has[705] 0 (0) has[772] 0

has[705] 0 has[201] 0
has[705] 0 (0) has[201] 0

has[705] 0 has[566] 0
has[705] 0 (0) has[566] 0

has[705] 0 has[805] 0
has[705] 0 (0) has[805] 0

has[705] 0 has[675] 0
has[705] 0 (0) has[675] 0

has[705] 0 has[199] 0
has[705] 0 (0) has[199] 0

has[705] 0 has[426] 0
has[705] 0 (0) has[426] 0

has[705] 0 has[617] 0
has[705] 0 (0) has[617] 0

has[705] 0 has[132] 0
has[705] 0 (0) has[132] 0

has[705] 0 has[768] 0
has[705] 0 (0) has[768] 0

has[705] 0 has[664] 0
has[705] 0 (0) has[664] 0

has[705] 0 has[693] 0
has[705] 0 (0) has[693] 0

has[705] 0 has[113] 0
has[705] 0 (0) has[113] 0

has[705] 0 has[572] 0
has[705] 0 (0) has[572] 0

has[705] 0 has[175] 0
has[705] 0 (0) has[175] 0

has[705] 0 has[246] 0
has[705] 0 (0) has[246] 0

has[705] 0 has[228] 0
has[705] 0 (0) has[228] 0

has[705] 0 has[232] 0
has[705] 0 (0) has[232] 0

has[705] 0 has[326] 0
has[705] 0 (0) has[326] 0

has[705] 0 has[850] 0
has[705] 0 (0) has[850] 0

has[705] 0 has[254] 0
has[705] 0 (0) has[254] 0

has[705] 0 has[695] 0
has[705] 0 (0) has[695] 0

has[705] 0 has[56] 0
has[705] 0 (0) has[56] 0

has[705] 0 has[733] 0
has[705] 0 (0) has[733] 0

has[705] 0 has[59] 0
has[705] 0 (0) has[59] 0

has[705] 0 has[173] 0
has[705] 0 (0) has[173] 0

has[705] 0 has[804] 0
has[705] 0 (0) has[804] 0

has[705] 0 has[627] 0
has[705] 0 (0) has[627] 0

has[705] 0 has[644] 0
has[705] 0 (0) has[644] 0

has[705] 0 has[468] 0
has[705] 0 (0) has[468] 0

has[705] 0 has[247] 0
has[705] 0 (0) has[247] 0

has[705] 0 has[735] 0
has[705] 0 (0) has[735] 0

has[705] 0 has[673] 0
has[705] 0 (0) has[673] 0

has[705] 0 has[527] 0
has[705] 0 (0) has[527] 0

has[705] 0 has[814] 0
has[705] 0 (0) has[814] 0

has[705] 0 has[6] 0
has[705] 0 (0) has[6] 0

has[705] 0 has[111] 0
has[705] 0 (0) has[111] 0

has[705] 0 has[16] 0
has[705] 0 (0) has[16] 0

has[705] 0 has[322] 0
has[705] 0 (0) has[322] 0

has[705] 0 has[236] 0
has[705] 0 (0) has[236] 0

has[705] 0 has[461] 0
has[705] 0 (0) has[461] 0

has[705] 0 has[204] 0
has[705] 0 (0) has[204] 0

has[705] 0 has[647] 0
has[705] 0 (0) has[647] 0

has[705] 0 has[521] 0
has[705] 0 (0) has[521] 0

has[705] 0 has[438] 0
has[705] 0 (0) has[438] 0

has[705] 0 has[210] 0
has[705] 0 (0) has[210] 0

has[705] 0 has[256] 0
has[705] 0 (0) has[256] 0

has[705] 0 has[294] 0
has[705] 0 (0) has[294] 0

has[705] 0 has[343] 0
has[705] 0 (0) has[343] 0

has[705] 0 has[214] 0
has[705] 0 (0) has[214] 0

has[705] 0 has[597] 0
has[705] 0 (0) has[597] 0

has[705] 0 has[162] 0
has[705] 0 (0) has[162] 0

has[705] 0 has[817] 0
has[705] 0 (0) has[817] 0

has[705] 0 has[724] 0
has[705] 0 (0) has[724] 0

has[705] 0 has[182] 0
has[705] 0 (0) has[182] 0

has[705] 0 has[831] 0
has[705] 0 (0) has[831] 0

has[705] 0 has[476] 0
has[705] 0 (0) has[476] 0

has[705] 0 has[370] 0
has[705] 0 (0) has[370] 0

has[705] 0 has[721] 0
has[705] 0 (0) has[721] 0

has[705] 0 has[466] 0
has[705] 0 (0) has[466] 0

has[705] 0 has[490] 0
has[705] 0 (0) has[490] 0

has[705] 0 has[171] 0
has[705] 0 (0) has[171] 0

has[705] 0 has[282] 0
has[705] 0 (0) has[282] 0

has[705] 0 has[172] 0
has[705] 0 (0) has[172] 0

has[705] 0 has[835] 0
has[705] 0 (0) has[835] 0

has[705] 0 has[526] 0
has[705] 0 (0) has[526] 0

has[705] 0 has[509] 0
has[705] 0 (0) has[509] 0

has[705] 0 has[272] 0
has[705] 0 (0) has[272] 0

has[705] 0 has[685] 0
has[705] 0 (0) has[685] 0

has[705] 0 has[261] 0
has[705] 0 (0) has[261] 0

has[705] 0 has[528] 0
has[705] 0 (0) has[528] 0

has[705] 0 has[662] 0
has[705] 0 (0) has[662] 0

has[705] 0 has[384] 0
has[705] 0 (0) has[384] 0

has[705] 0 has[18] 0
has[705] 0 (0) has[18] 0

has[705] 0 has[499] 0
has[705] 0 (0) has[499] 0

has[705] 0 has[365] 0
has[705] 0 (0) has[365] 0

has[705] 0 has[145] 0
has[705] 0 (0) has[145] 0

has[705] 0 has[605] 0
has[705] 0 (0) has[605] 0

has[705] 0 has[652] 0
has[705] 0 (0) has[652] 0

has[705] 0 has[169] 0
has[705] 0 (0) has[169] 0

has[705] 0 has[314] 0
has[705] 0 (0) has[314] 0

q size: 140
q size: 139
q size: 138
q size: 137
q size: 136
q size: 135
q size: 134
q size: 133
q size: 132
q size: 131
q size: 130
q size: 129
q size: 128
q size: 127
q size: 126
q size: 125
q size: 124
q size: 123
q size: 122
q size: 121
q size: 120
q size: 119
q size: 118
q size: 117
q size: 116
q size: 115
q size: 114
q size: 113
q size: 112
q size: 111
q size: 110
q size: 109
q size: 108
q size: 107
q size: 106
q size: 105
q size: 104
q size: 103
q size: 102
q size: 101
q size: 100
q size: 99
q size: 98
q size: 97
q size: 96
q size: 95
q size: 94
q size: 93
q size: 92
q size: 91
q size: 90
q size: 89
q size: 88
q size: 87
q size: 86
q size: 85
q size: 84
q size: 83
q size: 82
q size: 81
q size: 80
q size: 79
q size: 78
q size: 77
q size: 76
q size: 75
q size: 74
q size: 73
q size: 72
q size: 71
q size: 70
q size: 69
q size: 68
q size: 67
q size: 66
q size: 65
q size: 64
q size: 63
q size: 62
q size: 61
q size: 60
q size: 59
q size: 58
q size: 57
q size: 56
q size: 55
q size: 54
q size: 53
q size: 52
q size: 51
q size: 50
q size: 49
q size: 48
q size: 47
q size: 46
q size: 45
q size: 44
q size: 43
q size: 42
q size: 41
q size: 40
q size: 39
q size: 38
q size: 37
q size: 36
q size: 35
q size: 34
q size: 33
q size: 32
q size: 31
q size: 30
q size: 29
q size: 28
q size: 27
q size: 26
has[756] 1 has[179] 1
has[756] 2 (2) has[179] 0

q size: 26
q size: 25
q size: 24
q size: 23
q size: 22
q size: 21
q size: 20
q size: 19
q size: 18
q size: 17
q size: 16
q size: 15
q size: 14
q size: 13
q size: 12
q size: 11
q size: 10
q size: 9
q size: 8
q size: 7
q size: 6
q size: 5
q size: 4
q size: 3
q size: 2
q size: 1
has[389] 1 has[288] 1
has[389] 2 (2) has[288] 0

q size: 1
has[158] 1 has[257] 1
has[158] 2 (2) has[257] 0

q size: 1
has[424] 1 has[631] 1
has[424] 2 (2) has[631] 0

q size: 1
has[324] 1 has[152] 1
has[324] 2 (2) has[152] 0

q size: 1
has[506] 1 has[49] 1
has[506] 2 (2) has[49] 0

q size: 1
has[375] 1 has[489] 1
has[375] 2 (2) has[489] 0

q size: 1
has[327] 1 has[195] 1
has[327] 2 (2) has[195] 0

q size: 1
has[364] 1 has[393] 1
has[364] 2 (2) has[393] 0

q size: 1
has[70] 1 has[459] 1
has[70] 2 (2) has[459] 0

q size: 1
has[297] 1 has[67] 1
has[297] 2 (2) has[67] 0

q size: 1
has[120] 1 has[367] 1
has[120] 2 (2) has[367] 0

q size: 1
has[611] 1 has[779] 1
has[611] 2 (2) has[779] 0

q size: 1
has[661] 1 has[745] 1
has[661] 2 (2) has[745] 0

q size: 1
has[577] 1 has[761] 1
has[577] 2 (2) has[761] 0

q size: 1
has[309] 1 has[348] 1
has[309] 2 (2) has[348] 0

q size: 1
has[454] 1 has[216] 1
has[454] 2 (2) has[216] 0

q size: 1
has[538] 1 has[379] 1
has[538] 2 (2) has[379] 0

q size: 1
has[612] 1 has[694] 1
has[612] 2 (2) has[694] 0

q size: 1
has[481] 1 has[101] 1
has[481] 2 (2) has[101] 0

q size: 1
has[219] 1 has[634] 1
has[219] 2 (2) has[634] 0

q size: 1
has[780] 1 has[616] 1
has[780] 2 (2) has[616] 0

q size: 1
has[437] 1 has[716] 1
has[437] 2 (2) has[716] 0

q size: 1
has[161] 1 has[660] 1
has[161] 2 (2) has[660] 0

q size: 1
has[233] 1 has[376] 1
has[233] 2 (2) has[376] 0

q size: 1
has[697] 1 has[518] 1
has[697] 2 (2) has[518] 0

q size: 1
has[416] 1 has[778] 1
has[416] 2 (2) has[778] 0

q size: 1
has[808] 1 has[713] 1
has[808] 2 (2) has[713] 0

q size: 1
has[68] 1 has[700] 1
has[68] 2 (2) has[700] 0

q size: 1
has[434] 1 has[639] 1
has[434] 2 (2) has[639] 0

q size: 1
has[840] 1 has[377] 1
has[840] 2 (2) has[377] 0

q size: 1
has[448] 1 has[128] 1
has[448] 2 (2) has[128] 0

q size: 1
has[766] 1 has[667] 1
has[766] 2 (2) has[667] 0

q size: 1
has[762] 1 has[413] 1
has[762] 2 (2) has[413] 0

q size: 1
has[711] 1 has[680] 1
has[711] 2 (2) has[680] 0

q size: 1
has[580] 1 has[522] 1
has[580] 2 (2) has[522] 0

q size: 1
has[488] 1 has[14] 1
has[488] 2 (2) has[14] 0

q size: 1
has[628] 1 has[123] 1
has[628] 2 (2) has[123] 0

q size: 1
has[789] 1 has[658] 1
has[789] 2 (2) has[658] 0

q size: 1
has[607] 1 has[8] 1
has[607] 2 (2) has[8] 0

q size: 1
has[211] 1 has[265] 1
has[211] 2 (2) has[265] 0

q size: 1
has[726] 1 has[383] 1
has[726] 2 (2) has[383] 0

q size: 1
has[545] 1 has[553] 1
has[545] 2 (2) has[553] 0

q size: 1
has[1] 1 has[411] 1
has[1] 2 (2) has[411] 0

q size: 1
has[329] 1 has[290] 1
has[329] 2 (2) has[290] 0

q size: 1
has[832] 1 has[646] 1
has[832] 2 (2) has[646] 0

q size: 1
has[820] 1 has[666] 1
has[820] 2 (2) has[666] 0

q size: 1
has[5] 1 has[174] 1
has[5] 2 (2) has[174] 0

q size: 1
has[108] 1 has[833] 1
has[108] 2 (2) has[833] 0

q size: 1
has[710] 1 has[643] 1
has[710] 2 (2) has[643] 0

q size: 1
has[2] 1 has[142] 1
has[2] 2 (2) has[142] 0

q size: 1
has[546] 1 has[335] 1
has[546] 2 (2) has[335] 0

q size: 1
has[781] 1 has[402] 1
has[781] 2 (2) has[402] 0

q size: 1
has[249] 1 has[629] 1
has[249] 2 (2) has[629] 0

q size: 1
has[663] 1 has[330] 1
has[663] 2 (2) has[330] 0

q size: 1
has[264] 1 has[54] 1
has[264] 2 (2) has[54] 0

q size: 1
has[823] 1 has[425] 1
has[823] 2 (2) has[425] 0

q size: 1
has[32] 1 has[427] 1
has[32] 2 (2) has[427] 0

q size: 1
has[235] 1 has[218] 1
has[235] 2 (2) has[218] 0

q size: 1
has[784] 1 has[742] 1
has[784] 2 (2) has[742] 0

q size: 1
has[531] 1 has[186] 1
has[531] 2 (2) has[186] 0

q size: 1
has[668] 1 has[103] 1
has[668] 2 (2) has[103] 0

q size: 1
has[714] 1 has[74] 1
has[714] 2 (2) has[74] 0

q size: 1
has[826] 1 has[485] 1
has[826] 2 (2) has[485] 0

q size: 1
has[143] 1 has[292] 1
has[143] 2 (2) has[292] 0

q size: 1
has[816] 1 has[432] 1
has[816] 2 (2) has[432] 0

q size: 1
has[284] 1 has[635] 1
has[284] 2 (2) has[635] 0

q size: 1
has[718] 1 has[439] 1
has[718] 2 (2) has[439] 0

q size: 1
has[89] 1 has[763] 1
has[89] 2 (2) has[763] 0

q size: 1
has[398] 1 has[836] 1
has[398] 2 (2) has[836] 0

q size: 1
has[450] 1 has[691] 1
has[450] 2 (2) has[691] 0

q size: 1
has[542] 1 has[37] 1
has[542] 2 (2) has[37] 0

q size: 1
has[395] 1 has[209] 1
has[395] 2 (2) has[209] 0

q size: 1
has[641] 1 has[682] 1
has[641] 2 (2) has[682] 0

q size: 1
has[517] 1 has[243] 1
has[517] 2 (2) has[243] 0

q size: 1
has[798] 1 has[440] 1
has[798] 2 (2) has[440] 0

q size: 1
has[350] 1 has[221] 1
has[350] 2 (2) has[221] 0

q size: 1
has[642] 1 has[317] 1
has[642] 2 (2) has[317] 0

q size: 1
has[654] 1 has[270] 1
has[654] 2 (2) has[270] 0

q size: 1
has[478] 1 has[541] 1
has[478] 2 (2) has[541] 0

q size: 1
has[72] 1 has[24] 1
has[72] 2 (2) has[24] 0

q size: 1
has[356] 1 has[157] 1
has[356] 2 (2) has[157] 0

q size: 1
has[505] 1 has[507] 1
has[505] 2 (2) has[507] 0

q size: 1
has[139] 1 has[399] 1
has[139] 2 (2) has[399] 0

q size: 1
has[227] 1 has[559] 1
has[227] 2 (2) has[559] 0

q size: 1
has[58] 1 has[852] 1
has[58] 2 (2) has[852] 0

q size: 1
has[313] 1 has[98] 1
has[313] 2 (2) has[98] 0

q size: 1
has[325] 1 has[110] 1
has[325] 2 (2) has[110] 0

q size: 1
has[806] 1 has[578] 1
has[806] 2 (2) has[578] 0

q size: 1
has[269] 1 has[803] 1
has[269] 2 (2) has[803] 0

q size: 1
has[497] 1 has[822] 1
has[497] 2 (2) has[822] 0

q size: 1
has[217] 1 has[337] 1
has[217] 2 (2) has[337] 0

q size: 1
has[584] 1 has[495] 1
has[584] 2 (2) has[495] 0

q size: 1
has[593] 1 has[119] 1
has[593] 2 (2) has[119] 0

q size: 1
has[807] 1 has[800] 1
has[807] 2 (2) has[800] 0

q size: 1
has[513] 1 has[796] 1
has[513] 2 (2) has[796] 0

q size: 1
has[516] 1 has[564] 1
has[516] 2 (2) has[564] 0

q size: 1
has[431] 1 has[731] 1
has[431] 2 (2) has[731] 0

q size: 1
has[65] 1 has[608] 1
has[65] 2 (2) has[608] 0

q size: 1
has[304] 1 has[828] 1
has[304] 2 (2) has[828] 0

q size: 1
has[465] 1 has[321] 1
has[465] 2 (2) has[321] 0

q size: 1
has[656] 1 has[344] 1
has[656] 2 (2) has[344] 0

q size: 1
has[550] 1 has[10] 1
has[550] 2 (2) has[10] 0

q size: 1
has[251] 1 has[112] 1
has[251] 2 (2) has[112] 0

q size: 1
has[168] 1 has[39] 1
has[168] 2 (2) has[39] 0

q size: 1
has[723] 1 has[696] 1
has[723] 2 (2) has[696] 0

q size: 1
has[296] 1 has[401] 1
has[296] 2 (2) has[401] 0

q size: 1
has[502] 1 has[252] 1
has[502] 2 (2) has[252] 0

q size: 1
has[669] 1 has[19] 1
has[669] 2 (2) has[19] 0

q size: 1
has[291] 1 has[830] 1
has[291] 2 (2) has[830] 0

q size: 1
has[197] 1 has[234] 1
has[197] 2 (2) has[234] 0

q size: 1
has[683] 1 has[338] 1
has[683] 2 (2) has[338] 0

q size: 1
has[203] 1 has[159] 1
has[203] 2 (2) has[159] 0

q size: 1
has[87] 1 has[91] 1
has[87] 2 (2) has[91] 0

q size: 1
has[657] 1 has[729] 1
has[657] 2 (2) has[729] 0

q size: 1
has[670] 1 has[64] 1
has[670] 2 (2) has[64] 0

q size: 1
has[557] 1 has[548] 1
has[557] 2 (2) has[548] 0

q size: 1
has[698] 1 has[759] 1
has[698] 2 (2) has[759] 0

q size: 1
has[360] 1 has[3] 1
has[360] 2 (2) has[3] 0

q size: 1
has[205] 1 has[357] 1
has[205] 2 (2) has[357] 0

q size: 1
has[645] 1 has[418] 1
has[645] 2 (2) has[418] 0

q size: 1
has[785] 1 has[738] 1
has[785] 2 (2) has[738] 0

q size: 1
has[46] 1 has[799] 1
has[46] 2 (2) has[799] 0

q size: 1
has[382] 0 has[812] 0
has[382] 0 (0) has[812] 0

