um
at 1, 1 mod 0 after 0    -> 0
at 1, 2 mod 1 after 2    -> 0
at 2, 1 mod 1 after 2    -> 0
at 1, 1 mod 2 after 4    -> 0
at 1, 3 mod 2 after 4    -> 0
at 2, 2 mod 2 after 4    -> 0
at 3, 1 mod 2 after 4    -> 0
at 1, 2 mod 3 after 6    -> 0
at 1, 4 mod 3 after 6    -> 0
at 2, 1 mod 3 after 6    -> 0
at 2, 3 mod 3 after 6    -> 0
at 3, 2 mod 3 after 6    -> 0
at 4, 1 mod 3 after 6    -> 0
at 1, 3 mod 1 after 18    -> 0
at 2, 4 mod 1 after 18    -> 0
at 1, 2 mod 2 after 20    -> 0
at 1, 4 mod 2 after 20    -> 0
at 2, 3 mod 2 after 20    -> 0
at 3, 4 mod 2 after 20    -> 0
at 2, 2 mod 1 after 21    -> 0
at 3, 1 mod 1 after 21    -> 0
at 3, 3 mod 1 after 21    -> 0
at 4, 2 mod 1 after 21    -> 0
at 1, 1 mod 3 after 22    -> 0
at 1, 3 mod 3 after 22    -> 0
at 2, 2 mod 3 after 22    -> 0
at 2, 4 mod 3 after 22    -> 0
at 3, 3 mod 3 after 22    -> 0
at 4, 4 mod 3 after 22    -> 0
at 2, 1 mod 2 after 23    -> 0
at 3, 2 mod 2 after 23    -> 0
at 4, 1 mod 2 after 23    -> 0
at 4, 3 mod 2 after 23    -> 0
at 3, 1 mod 3 after 25    -> 0
at 4, 2 mod 3 after 25    -> 0
at 2, 3 mod 1 after 29    -> 0
at 3, 2 mod 1 after 29    -> 0
at 3, 4 mod 1 after 29    -> 0
at 4, 3 mod 1 after 29    -> 0
at 2, 4 mod 2 after 31    -> 0
at 3, 3 mod 2 after 31    -> 0
at 4, 2 mod 2 after 31    -> 0
at 4, 4 mod 2 after 31    -> 0
at 3, 4 mod 3 after 33    -> 0
at 4, 3 mod 3 after 33    -> 0
at 1, 4 mod 1 after 40    -> 0
at 1, 1 mod 1 after 46    -> 0
at 4, 4 mod 1 after 48    -> 0
at 4, 1 mod 1 after 68    -> 0
31
