input: AAAABABCCD (10)
A:AAABABCCD
|   input: A (1)
|   input: AAABABCCD (9)
|   A:AABABCCD
|   |   input: A (1)
|   |   input: AABABCCD (8)
|   |   A:ABABCCD
|   |   |   input: A (1)
|   |   |   input: ABABCCD (7)
|   |   |   A:BABCCD
|   |   |   |   input: A (1)
|   |   |   |   input: BABCCD (6)
|   |   |   |   B:ABCCD
|   |   |   |   |   input: B (1)
|   |   |   |   |   input: ABCCD (5)
|   |   |   |   |   A:BCCD
|   |   |   |   |   |   input: A (1)
|   |   |   |   |   |   input: BCCD (4)
|   |   |   |   |   |   B:CCD
|   |   |   |   |   |   |   input: B (1)
|   |   |   |   |   |   |   input: CCD (3)
|   |   |   |   |   |   |   C:CD
|   |   |   |   |   |   |   |   input: C (1)
|   |   |   |   |   |   |   |   input: CD (2)
|   |   |   |   |   |   |   C;CD

|   |   |   |   |   |   |   CC:D
|   |   |   |   |   |   |   |   input: CC (2)
|   |   |   |   |   |   |   |   input: D (1)
|   |   |   |   |   |   |   CC;D

|   |   |   |   |   |   |   => 


|   |   |   |   |   |   B;

|   |   |   |   |   |   BC:CD
|   |   |   |   |   |   |   input: BC (2)
|   |   |   |   |   |   |   input: CD (2)
|   |   |   |   |   |   BC;CD

|   |   |   |   |   |   BCC:D
|   |   |   |   |   |   |   input: BCC (3)
|   |   |   |   |   |   |   B:CC
|   |   |   |   |   |   |   |   input: B (1)
|   |   |   |   |   |   |   |   input: CC (2)
|   |   |   |   |   |   |   B;CC

|   |   |   |   |   |   |   BC:C
|   |   |   |   |   |   |   |   input: BC (2)
|   |   |   |   |   |   |   |   input: C (1)
|   |   |   |   |   |   |   BC;C

|   |   |   |   |   |   |   => 


|   |   |   |   |   |   |   input: D (1)
|   |   |   |   |   |   ;D

|   |   |   |   |   |   => 


|   |   |   |   |   A;

|   |   |   |   |   AB:CCD
|   |   |   |   |   |   input: AB (2)
|   |   |   |   |   |   input: CCD (3)
|   |   |   |   |   |   already computed!
|   |   |   |   |   AB;

|   |   |   |   |   ABC:CD
|   |   |   |   |   |   input: ABC (3)
|   |   |   |   |   |   A:BC
|   |   |   |   |   |   |   input: A (1)
|   |   |   |   |   |   |   input: BC (2)
|   |   |   |   |   |   A;BC

|   |   |   |   |   |   AB:C
|   |   |   |   |   |   |   input: AB (2)
|   |   |   |   |   |   |   input: C (1)
|   |   |   |   |   |   AB;C

|   |   |   |   |   |   => 


|   |   |   |   |   |   input: CD (2)
|   |   |   |   |   ;CD

|   |   |   |   |   ABCC:D
|   |   |   |   |   |   input: ABCC (4)
|   |   |   |   |   |   A:BCC
|   |   |   |   |   |   |   input: A (1)
|   |   |   |   |   |   |   input: BCC (3)
|   |   |   |   |   |   |   already computed!
|   |   |   |   |   |   A;

|   |   |   |   |   |   AB:CC
|   |   |   |   |   |   |   input: AB (2)
|   |   |   |   |   |   |   input: CC (2)
|   |   |   |   |   |   AB;CC

|   |   |   |   |   |   ABC:C
|   |   |   |   |   |   |   input: ABC (3)
|   |   |   |   |   |   |   already computed!
|   |   |   |   |   |   |   input: C (1)
|   |   |   |   |   |   ;C

|   |   |   |   |   |   => 


|   |   |   |   |   |   input: D (1)
|   |   |   |   |   ;D

|   |   |   |   |   => 


|   |   |   |   B;

|   |   |   |   BA:BCCD
|   |   |   |   |   input: BA (2)
|   |   |   |   |   input: BCCD (4)
|   |   |   |   |   already computed!
|   |   |   |   BA;

|   |   |   |   BAB:CCD
|   |   |   |   |   input: BAB (3)
|   |   |   |   |   B:AB
|   |   |   |   |   |   input: B (1)
|   |   |   |   |   |   input: AB (2)
|   |   |   |   |   B;AB

|   |   |   |   |   BA:B
|   |   |   |   |   |   input: BA (2)
|   |   |   |   |   |   input: B (1)
|   |   |   |   |   BA;B

|   |   |   |   |   => 


|   |   |   |   |   input: CCD (3)
|   |   |   |   |   already computed!
|   |   |   |   ;

|   |   |   |   BABC:CD
|   |   |   |   |   input: BABC (4)
|   |   |   |   |   B:ABC
|   |   |   |   |   |   input: B (1)
|   |   |   |   |   |   input: ABC (3)
|   |   |   |   |   |   already computed!
|   |   |   |   |   B;

|   |   |   |   |   BA:BC
|   |   |   |   |   |   input: BA (2)
|   |   |   |   |   |   input: BC (2)
|   |   |   |   |   BA;BC

|   |   |   |   |   BAB:C
|   |   |   |   |   |   input: BAB (3)
|   |   |   |   |   |   already computed!
|   |   |   |   |   |   input: C (1)
|   |   |   |   |   ;C

|   |   |   |   |   => 


|   |   |   |   |   input: CD (2)
|   |   |   |   ;CD

|   |   |   |   BABCC:D
|   |   |   |   |   input: BABCC (5)
|   |   |   |   |   B:ABCC
|   |   |   |   |   |   input: B (1)
|   |   |   |   |   |   input: ABCC (4)
|   |   |   |   |   |   already computed!
|   |   |   |   |   B;

|   |   |   |   |   BA:BCC
|   |   |   |   |   |   input: BA (2)
|   |   |   |   |   |   input: BCC (3)
|   |   |   |   |   |   already computed!
|   |   |   |   |   BA;

|   |   |   |   |   BAB:CC
|   |   |   |   |   |   input: BAB (3)
|   |   |   |   |   |   already computed!
|   |   |   |   |   |   input: CC (2)
|   |   |   |   |   ;CC

|   |   |   |   |   BABC:C
|   |   |   |   |   |   input: BABC (4)
|   |   |   |   |   |   already computed!
|   |   |   |   |   |   input: C (1)
|   |   |   |   |   ;C

|   |   |   |   |   => 


|   |   |   |   |   input: D (1)
|   |   |   |   ;D

|   |   |   |   => 


|   |   |   A;

|   |   |   AB:ABCCD
|   |   |   |   input: AB (2)
|   |   |   |   input: ABCCD (5)
|   |   |   |   already computed!
|   |   |   AB;

|   |   |   ABA:BCCD
|   |   |   |   input: ABA (3)
|   |   |   |   A:BA
|   |   |   |   |   input: A (1)
|   |   |   |   |   input: BA (2)
|   |   |   |   A;BA

|   |   |   |   AB:A
|   |   |   |   |   input: AB (2)
|   |   |   |   |   input: A (1)
|   |   |   |   AB;A

|   |   |   |   => 


|   |   |   |   input: BCCD (4)
|   |   |   |   already computed!
|   |   |   ;

|   |   |   ABAB:CCD
|   |   |   |   input: ABAB (4)
|   |   |   |   |   input: AB (2)
|   |   |   |   input: CCD (3)
|   |   |   |   already computed!
|   |   |   2(AB);

|   |   |   ABABC:CD
|   |   |   |   input: ABABC (5)
|   |   |   |   A:BABC
|   |   |   |   |   input: A (1)
|   |   |   |   |   input: BABC (4)
|   |   |   |   |   already computed!
|   |   |   |   A;

|   |   |   |   AB:ABC
|   |   |   |   |   input: AB (2)
|   |   |   |   |   input: ABC (3)
|   |   |   |   |   already computed!
|   |   |   |   AB;

|   |   |   |   ABA:BC
|   |   |   |   |   input: ABA (3)
|   |   |   |   |   already computed!
|   |   |   |   |   input: BC (2)
|   |   |   |   ;BC

|   |   |   |   ABAB:C
|   |   |   |   |   input: ABAB (4)
|   |   |   |   |   already computed!
|   |   |   |   |   input: C (1)
|   |   |   |   2(AB);C

|   |   |   |   => 2(AB)C


|   |   |   |   input: CD (2)
|   |   |   2(AB)C;CD

|   |   |   ABABCC:D
|   |   |   |   input: ABABCC (6)
|   |   |   |   A:BABCC
|   |   |   |   |   input: A (1)
|   |   |   |   |   input: BABCC (5)
|   |   |   |   |   already computed!
|   |   |   |   A;

|   |   |   |   AB:ABCC
|   |   |   |   |   input: AB (2)
|   |   |   |   |   input: ABCC (4)
|   |   |   |   |   already computed!
|   |   |   |   AB;

|   |   |   |   ABA:BCC
|   |   |   |   |   input: ABA (3)
|   |   |   |   |   already computed!
|   |   |   |   |   input: BCC (3)
|   |   |   |   |   already computed!
|   |   |   |   ;

|   |   |   |   ABAB:CC
|   |   |   |   |   input: ABAB (4)
|   |   |   |   |   already computed!
|   |   |   |   |   input: CC (2)
|   |   |   |   2(AB);CC

|   |   |   |   ABABC:C
|   |   |   |   |   input: ABABC (5)
|   |   |   |   |   already computed!
|   |   |   |   |   input: C (1)
|   |   |   |   2(AB)C;C

|   |   |   |   => 2(AB)CC


|   |   |   |   input: D (1)
|   |   |   2(AB)CC;D

|   |   |   => 2(AB)


|   |   A;2(AB)

|   |   AA:BABCCD
|   |   |   input: AA (2)
|   |   |   input: BABCCD (6)
|   |   |   already computed!
|   |   AA;

|   |   AAB:ABCCD
|   |   |   input: AAB (3)
|   |   |   A:AB
|   |   |   |   input: A (1)
|   |   |   |   input: AB (2)
|   |   |   A;AB

|   |   |   AA:B
|   |   |   |   input: AA (2)
|   |   |   |   input: B (1)
|   |   |   AA;B

|   |   |   => 


|   |   |   input: ABCCD (5)
|   |   |   already computed!
|   |   ;

|   |   AABA:BCCD
|   |   |   input: AABA (4)
|   |   |   A:ABA
|   |   |   |   input: A (1)
|   |   |   |   input: ABA (3)
|   |   |   |   already computed!
|   |   |   A;

|   |   |   AA:BA
|   |   |   |   input: AA (2)
|   |   |   |   input: BA (2)
|   |   |   AA;BA

|   |   |   AAB:A
|   |   |   |   input: AAB (3)
|   |   |   |   already computed!
|   |   |   |   input: A (1)
|   |   |   ;A

|   |   |   => 


|   |   |   input: BCCD (4)
|   |   |   already computed!
|   |   ;

|   |   AABAB:CCD
|   |   |   input: AABAB (5)
|   |   |   A:ABAB
|   |   |   |   input: A (1)
|   |   |   |   input: ABAB (4)
|   |   |   |   already computed!
|   |   |   A;2(AB)

|   |   |   AA:BAB
|   |   |   |   input: AA (2)
|   |   |   |   input: BAB (3)
|   |   |   |   already computed!
|   |   |   AA;

|   |   |   AAB:AB
|   |   |   |   input: AAB (3)
|   |   |   |   already computed!
|   |   |   |   input: AB (2)
|   |   |   ;AB

|   |   |   AABA:B
|   |   |   |   input: AABA (4)
|   |   |   |   already computed!
|   |   |   |   input: B (1)
|   |   |   ;B

|   |   |   => A2(AB)


|   |   |   input: CCD (3)
|   |   |   already computed!
|   |   A2(AB);

|   |   AABABC:CD
|   |   |   input: AABABC (6)
|   |   |   A:ABABC
|   |   |   |   input: A (1)
|   |   |   |   input: ABABC (5)
|   |   |   |   already computed!
|   |   |   A;2(AB)C

|   |   |   AA:BABC
|   |   |   |   input: AA (2)
|   |   |   |   input: BABC (4)
|   |   |   |   already computed!
|   |   |   AA;

|   |   |   AAB:ABC
|   |   |   |   input: AAB (3)
|   |   |   |   already computed!
|   |   |   |   input: ABC (3)
|   |   |   |   already computed!
|   |   |   ;

|   |   |   AABA:BC
|   |   |   |   input: AABA (4)
|   |   |   |   already computed!
|   |   |   |   input: BC (2)
|   |   |   ;BC

|   |   |   AABAB:C
|   |   |   |   input: AABAB (5)
|   |   |   |   already computed!
|   |   |   |   input: C (1)
|   |   |   A2(AB);C

|   |   |   => A2(AB)C


|   |   |   input: CD (2)
|   |   A2(AB)C;CD

|   |   AABABCC:D
|   |   |   input: AABABCC (7)
|   |   |   A:ABABCC
|   |   |   |   input: A (1)
|   |   |   |   input: ABABCC (6)
|   |   |   |   already computed!
|   |   |   A;2(AB)CC

|   |   |   AA:BABCC
|   |   |   |   input: AA (2)
|   |   |   |   input: BABCC (5)
|   |   |   |   already computed!
|   |   |   AA;

|   |   |   AAB:ABCC
|   |   |   |   input: AAB (3)
|   |   |   |   already computed!
|   |   |   |   input: ABCC (4)
|   |   |   |   already computed!
|   |   |   ;

|   |   |   AABA:BCC
|   |   |   |   input: AABA (4)
|   |   |   |   already computed!
|   |   |   |   input: BCC (3)
|   |   |   |   already computed!
|   |   |   ;

|   |   |   AABAB:CC
|   |   |   |   input: AABAB (5)
|   |   |   |   already computed!
|   |   |   |   input: CC (2)
|   |   |   A2(AB);CC

|   |   |   AABABC:C
|   |   |   |   input: AABABC (6)
|   |   |   |   already computed!
|   |   |   |   input: C (1)
|   |   |   A2(AB)C;C

|   |   |   => A2(AB)CC


|   |   |   input: D (1)
|   |   A2(AB)CC;D

|   |   => A2(AB)


|   A;A2(AB)

|   AA:ABABCCD
|   |   input: AA (2)
|   |   input: ABABCCD (7)
|   |   already computed!
|   AA;2(AB)

|   AAA:BABCCD
|   |   input: AAA (3)
|   |   |   input: A (1)
|   |   input: BABCCD (6)
|   |   already computed!
|   3(A);

|   AAAB:ABCCD
|   |   input: AAAB (4)
|   |   A:AAB
|   |   |   input: A (1)
|   |   |   input: AAB (3)
|   |   |   already computed!
|   |   A;

|   |   AA:AB
|   |   |   input: AA (2)
|   |   |   input: AB (2)
|   |   AA;AB

|   |   AAA:B
|   |   |   input: AAA (3)
|   |   |   already computed!
|   |   |   input: B (1)
|   |   3(A);B

|   |   => 3(A)B


|   |   input: ABCCD (5)
|   |   already computed!
|   3(A)B;

|   AAABA:BCCD
|   |   input: AAABA (5)
|   |   A:AABA
|   |   |   input: A (1)
|   |   |   input: AABA (4)
|   |   |   already computed!
|   |   A;

|   |   AA:ABA
|   |   |   input: AA (2)
|   |   |   input: ABA (3)
|   |   |   already computed!
|   |   AA;

|   |   AAA:BA
|   |   |   input: AAA (3)
|   |   |   already computed!
|   |   |   input: BA (2)
|   |   3(A);BA

|   |   AAAB:A
|   |   |   input: AAAB (4)
|   |   |   already computed!
|   |   |   input: A (1)
|   |   3(A)B;A

|   |   => 3(A)BA


|   |   input: BCCD (4)
|   |   already computed!
|   3(A)BA;

|   AAABAB:CCD
|   |   input: AAABAB (6)
|   |   A:AABAB
|   |   |   input: A (1)
|   |   |   input: AABAB (5)
|   |   |   already computed!
|   |   A;A2(AB)

|   |   AA:ABAB
|   |   |   input: AA (2)
|   |   |   input: ABAB (4)
|   |   |   already computed!
|   |   AA;2(AB)

|   |   AAA:BAB
|   |   |   input: AAA (3)
|   |   |   already computed!
|   |   |   input: BAB (3)
|   |   |   already computed!
|   |   3(A);

|   |   AAAB:AB
|   |   |   input: AAAB (4)
|   |   |   already computed!
|   |   |   input: AB (2)
|   |   3(A)B;AB

|   |   AAABA:B
|   |   |   input: AAABA (5)
|   |   |   already computed!
|   |   |   input: B (1)
|   |   3(A)BA;B

|   |   => AA2(AB)


|   |   input: CCD (3)
|   |   already computed!
|   AA2(AB);

|   AAABABC:CD
|   |   input: AAABABC (7)
|   |   A:AABABC
|   |   |   input: A (1)
|   |   |   input: AABABC (6)
|   |   |   already computed!
|   |   A;A2(AB)C

|   |   AA:ABABC
|   |   |   input: AA (2)
|   |   |   input: ABABC (5)
|   |   |   already computed!
|   |   AA;2(AB)C

|   |   AAA:BABC
|   |   |   input: AAA (3)
|   |   |   already computed!
|   |   |   input: BABC (4)
|   |   |   already computed!
|   |   3(A);

|   |   AAAB:ABC
|   |   |   input: AAAB (4)
|   |   |   already computed!
|   |   |   input: ABC (3)
|   |   |   already computed!
|   |   3(A)B;

|   |   AAABA:BC
|   |   |   input: AAABA (5)
|   |   |   already computed!
|   |   |   input: BC (2)
|   |   3(A)BA;BC

|   |   AAABAB:C
|   |   |   input: AAABAB (6)
|   |   |   already computed!
|   |   |   input: C (1)
|   |   AA2(AB);C

|   |   => AA2(AB)C


|   |   input: CD (2)
|   AA2(AB)C;CD

|   AAABABCC:D
|   |   input: AAABABCC (8)
|   |   A:AABABCC
|   |   |   input: A (1)
|   |   |   input: AABABCC (7)
|   |   |   already computed!
|   |   A;A2(AB)CC

|   |   AA:ABABCC
|   |   |   input: AA (2)
|   |   |   input: ABABCC (6)
|   |   |   already computed!
|   |   AA;2(AB)CC

|   |   AAA:BABCC
|   |   |   input: AAA (3)
|   |   |   already computed!
|   |   |   input: BABCC (5)
|   |   |   already computed!
|   |   3(A);

|   |   AAAB:ABCC
|   |   |   input: AAAB (4)
|   |   |   already computed!
|   |   |   input: ABCC (4)
|   |   |   already computed!
|   |   3(A)B;

|   |   AAABA:BCC
|   |   |   input: AAABA (5)
|   |   |   already computed!
|   |   |   input: BCC (3)
|   |   |   already computed!
|   |   3(A)BA;

|   |   AAABAB:CC
|   |   |   input: AAABAB (6)
|   |   |   already computed!
|   |   |   input: CC (2)
|   |   AA2(AB);CC

|   |   AAABABC:C
|   |   |   input: AAABABC (7)
|   |   |   already computed!
|   |   |   input: C (1)
|   |   AA2(AB)C;C

|   |   => AA2(AB)CC


|   |   input: D (1)
|   AA2(AB)CC;D

|   => AA2(AB)


A;AA2(AB)

AA:AABABCCD
|   input: AA (2)
|   input: AABABCCD (8)
|   already computed!
AA;A2(AB)

AAA:ABABCCD
|   input: AAA (3)
|   already computed!
|   input: ABABCCD (7)
|   already computed!
3(A);2(AB)

AAAA:BABCCD
|   input: AAAA (4)
|   |   input: A (1)
|   input: BABCCD (6)
|   already computed!
4(A);

AAAAB:ABCCD
|   input: AAAAB (5)
|   A:AAAB
|   |   input: A (1)
|   |   input: AAAB (4)
|   |   already computed!
|   A;3(A)B

|   AA:AAB
|   |   input: AA (2)
|   |   input: AAB (3)
|   |   already computed!
|   AA;

|   AAA:AB
|   |   input: AAA (3)
|   |   already computed!
|   |   input: AB (2)
|   3(A);AB

|   AAAA:B
|   |   input: AAAA (4)
|   |   already computed!
|   |   input: B (1)
|   4(A);B

|   => 4(A)B


|   input: ABCCD (5)
|   already computed!
4(A)B;

AAAABA:BCCD
|   input: AAAABA (6)
|   A:AAABA
|   |   input: A (1)
|   |   input: AAABA (5)
|   |   already computed!
|   A;3(A)BA

|   AA:AABA
|   |   input: AA (2)
|   |   input: AABA (4)
|   |   already computed!
|   AA;

|   AAA:ABA
|   |   input: AAA (3)
|   |   already computed!
|   |   input: ABA (3)
|   |   already computed!
|   3(A);

|   AAAA:BA
|   |   input: AAAA (4)
|   |   already computed!
|   |   input: BA (2)
|   4(A);BA

|   AAAAB:A
|   |   input: AAAAB (5)
|   |   already computed!
|   |   input: A (1)
|   4(A)B;A

|   => 4(A)BA


|   input: BCCD (4)
|   already computed!
4(A)BA;

AAAABAB:CCD
|   input: AAAABAB (7)
|   A:AAABAB
|   |   input: A (1)
|   |   input: AAABAB (6)
|   |   already computed!
|   A;AA2(AB)

|   AA:AABAB
|   |   input: AA (2)
|   |   input: AABAB (5)
|   |   already computed!
|   AA;A2(AB)

|   AAA:ABAB
|   |   input: AAA (3)
|   |   already computed!
|   |   input: ABAB (4)
|   |   already computed!
|   3(A);2(AB)

|   AAAA:BAB
|   |   input: AAAA (4)
|   |   already computed!
|   |   input: BAB (3)
|   |   already computed!
|   4(A);

|   AAAAB:AB
|   |   input: AAAAB (5)
|   |   already computed!
|   |   input: AB (2)
|   4(A)B;AB

|   AAAABA:B
|   |   input: AAAABA (6)
|   |   already computed!
|   |   input: B (1)
|   4(A)BA;B

|   => 3(A)2(AB)


|   input: CCD (3)
|   already computed!
3(A)2(AB);

AAAABABC:CD
|   input: AAAABABC (8)
|   A:AAABABC
|   |   input: A (1)
|   |   input: AAABABC (7)
|   |   already computed!
|   A;AA2(AB)C

|   AA:AABABC
|   |   input: AA (2)
|   |   input: AABABC (6)
|   |   already computed!
|   AA;A2(AB)C

|   AAA:ABABC
|   |   input: AAA (3)
|   |   already computed!
|   |   input: ABABC (5)
|   |   already computed!
|   3(A);2(AB)C

|   AAAA:BABC
|   |   input: AAAA (4)
|   |   already computed!
|   |   input: BABC (4)
|   |   already computed!
|   4(A);

|   AAAAB:ABC
|   |   input: AAAAB (5)
|   |   already computed!
|   |   input: ABC (3)
|   |   already computed!
|   4(A)B;

|   AAAABA:BC
|   |   input: AAAABA (6)
|   |   already computed!
|   |   input: BC (2)
|   4(A)BA;BC

|   AAAABAB:C
|   |   input: AAAABAB (7)
|   |   already computed!
|   |   input: C (1)
|   3(A)2(AB);C

|   => 3(A)2(AB)C


|   input: CD (2)
3(A)2(AB)C;CD

AAAABABCC:D
|   input: AAAABABCC (9)
|   A:AAABABCC
|   |   input: A (1)
|   |   input: AAABABCC (8)
|   |   already computed!
|   A;AA2(AB)CC

|   AA:AABABCC
|   |   input: AA (2)
|   |   input: AABABCC (7)
|   |   already computed!
|   AA;A2(AB)CC

|   AAA:ABABCC
|   |   input: AAA (3)
|   |   already computed!
|   |   input: ABABCC (6)
|   |   already computed!
|   3(A);2(AB)CC

|   AAAA:BABCC
|   |   input: AAAA (4)
|   |   already computed!
|   |   input: BABCC (5)
|   |   already computed!
|   4(A);

|   AAAAB:ABCC
|   |   input: AAAAB (5)
|   |   already computed!
|   |   input: ABCC (4)
|   |   already computed!
|   4(A)B;

|   AAAABA:BCC
|   |   input: AAAABA (6)
|   |   already computed!
|   |   input: BCC (3)
|   |   already computed!
|   4(A)BA;

|   AAAABAB:CC
|   |   input: AAAABAB (7)
|   |   already computed!
|   |   input: CC (2)
|   3(A)2(AB);CC

|   AAAABABC:C
|   |   input: AAAABABC (8)
|   |   already computed!
|   |   input: C (1)
|   3(A)2(AB)C;C

|   => 3(A)2(AB)CC


|   input: D (1)
3(A)2(AB)CC;D

=> 3(A)2(AB)


3(A)2(AB)
