1
2
3
4
5
6
6
7
6
8
6
6
6
9
4
6
4
6
10
4
6
11
12
13
14
6
6
15
6
4
16
17
18
4
4
4
19
4
20
21
6
22
12
4
4
23
16
4
24
6
6
4
25
26
4
6
4
27
6
4
6
4
4
28
29
4
30
31
4
32
6
13
4
33
4
14
6
6
6
18
34
4
4
4
6
4
35
4
36
34
35
6
6
37
4
34
16
38
6
22
39
6
40
4
4
4
6
41
4
42
6
43
6
4
4
44
6
4
45
46
4
12
47
4
4
4
48
49
6
4
4
6
4
6
6
34
4
4
50
4
6
2
51
6
6
4
4
6
6
6
6
52
6
4
53
4
54
55
56
6
57
6
4
58
4
6
59
20
6
60
6
6
6
5
6
4
61
4
62
11
4
6
14
63
4
64
4
65
4
4
4
4
14
4
66
12
67
4
6
4
6
6
56
6
68
34
4
4
69
6
70
16
6
6
4
71
72
73
74
18
75
4
4
4
6
6
76
6
4
4
6
6
77
67
73
6
4
16
4
4
16
4
78
6
4
6
6
6
79
6
43
80
4
6
4
6
55
6
6
4
6
63
81
26
70
4
63
82
83
84
6
6
6
22
18
82
6
6
4
4
6
6
4
85
6
86
6
87
6
88
89
51
6
6
4
90
30
6
4
4
14
4
6
91
6
14
4
18
92
4
6
4
38
6
4
6
93
6
6
6
94
6
6
52
42
6
66
4
88
95
6
4
4
96
97
6
72
98
6
4
99
4
6
100
101
6
6
92
6
75
34
34
102
103
4
54
68
63
4
3
11
6
4
104
6
6
46
6
4
6
6
4
4
6
105
77
106
6
107
4
4
108
109
6
4
63
6
4
87
4
4
4
104
4
69
4
6
110
50
6
90
111
6
6
4
6
4
4
4
4
1
4
112
4
4
113
114
115
4
63
6
4
6
116
117
6
17
6
4
4
118
119
6
120
6
4
121
6
122
123
6
6
4
4
4
18
18
49
4
124
4
125
4
71
4
4
4
4
32
6
6
4
11
4
94
6
6
6
6
6
6
4
6
6
4
6
12
126
4
4
39
4
6
22
127
6
4
9
105
6
4
4
14
6
128
6
129
4
6
34
4
80
4
4
130
24
130
4
6
6
6
6
131
4
6
132
78
133
4
134
6
135
6
11
4
6
6
6
4
4
64
12
6
4
4
6
4
107
6
4
126
19
22
6
136
97
6
137
6
8
4
4
136
6
4
4
137
4
76
6
14
4
4
132
6
6
63
4
4
4
6
6
4
6
4
11
138
139
140
135
4
6
4
128
4
4
4
4
4
6
4
6
45
4
6
6
6
63
141
63
12
6
6
6
6
6
7
29
6
4
142
143
6
14
6
144
6
4
4
6
4
6
4
4
4
4
6
47
79
4
116
4
4
74
85
6
4
4
120
4
145
93
146
6
115
147
6
4
6
4
6
6
4
84
6
100
148
149
12
57
150
6
95
6
11
151
152
40
10
28
4
4
6
6
6
4
6
4
4
153
4
145
98
4
6
4
4
11
6
6
124
4
6
143
6
154
133
155
6
31
6
22
14
6
6
4
4
4
4
146
153
6
156
33
22
121
4
122
16
4
6
6
154
6
6
109
6
6
148
6
118
4
6
4
6
4
4
157
4
22
6
158
6
4
150
4
4
4
4
6
4
4
6
16
4
62
4
6
155
22
138
112
36
4
159
152
4
6
6
4
4
6
4
4
6
4
4
113
142
144
111
6
4
158
157
34
6
4
149
6
4
22
16
4
6
131
6
123
23
160
11
4
83
6
6
139
160
156
6
6
4
108
12
6
4
119
6
4
16
151
4
129
117
4
6
127
14
91
4
89
6
147
41
14
6
110
6
6
4
106
6
6
6
4
4
34
6
4
4
6
34
27
