1
=====================
checking 2
0 -> 13
|   13 -> 12
|   |   12 -> 11
|   |   |   11 -> 10
|   |   |   |   10 -> 4
|   |   |   |   |   4 -> 2
|   |   |   |   |   |   2 -> 1
|   |   |   |   |   |   |   1 -> 3
|   |   |   |   |   |   |   |   3 -> 22
|   |   |   |   |   |   |   |   => 1
|   |   |   |   |   |   |   |   3 -> 7
|   |   |   |   |   |   |   |   |   7 -> 8
|   |   |   |   |   |   |   |   |   |   8 -> 9
|   |   |   |   |   |   |   |   |   |   |   9 -> 23
|   |   |   |   |   |   |   |   |   |   |   => 1
|   |   |   |   |   |   |   |   |   |   => 2
|   |   |   |   |   |   |   |   |   => 1
|   |   |   |   |   |   |   |   => 2
|   |   |   |   |   |   |   => 2
|   |   |   |   |   |   => 1
|   |   |   |   |   |   2 -> 5
|   |   |   |   |   |   |   5 -> 14
|   |   |   |   |   |   |   |   14 -> 15
|   |   |   |   |   |   |   |   |   15 -> 16
|   |   |   |   |   |   |   |   |   |   16 -> 18
|   |   |   |   |   |   |   |   |   |   |   18 -> 24
|   |   |   |   |   |   |   |   |   |   |   |   24 -> 25
|   |   |   |   |   |   |   |   |   |   |   |   |   25 -> 26
|   |   |   |   |   |   |   |   |   |   |   |   |   => 1
|   |   |   |   |   |   |   |   |   |   |   |   => 2
|   |   |   |   |   |   |   |   |   |   |   => 1
|   |   |   |   |   |   |   |   |   |   => 2
|   |   |   |   |   |   |   |   |   |   16 -> 17
|   |   |   |   |   |   |   |   |   |   |   17 -> 27
|   |   |   |   |   |   |   |   |   |   |   |   27 -> 28
|   |   |   |   |   |   |   |   |   |   |   |   => 1
|   |   |   |   |   |   |   |   |   |   |   => 2
|   |   |   |   |   |   |   |   |   |   => 1
|   |   |   |   |   |   |   |   |   => 2
|   |   |   |   |   |   |   |   => 1
|   |   |   |   |   |   |   => 2
|   |   |   |   |   |   => 1
|   |   |   |   |   |   2 -> 6
|   |   |   |   |   |   |   6 -> 19
|   |   |   |   |   |   |   |   19 -> 29
|   |   |   |   |   |   |   |   |   29 -> 20
|   |   |   |   |   |   |   |   |   => 1
|   |   |   |   |   |   |   |   => 2
|   |   |   |   |   |   |   => 1
|   |   |   |   |   |   |   6 -> 21
|   |   |   |   |   |   |   |   21 -> 30
|   |   |   |   |   |   |   |   |   30 -> 31
|   |   |   |   |   |   |   |   |   |   31 -> 32
|   |   |   |   |   |   |   |   |   |   |   32 -> 33
|   |   |   |   |   |   |   |   |   |   |   => 1
|   |   |   |   |   |   |   |   |   |   => 2
|   |   |   |   |   |   |   |   |   => 1
|   |   |   |   |   |   |   |   => 2
|   |   |   |   |   |   |   => 1
|   |   |   |   |   |   => 1
|   |   |   |   |   => 2
|   |   |   |   => 1
|   |   |   => 2
|   |   => 1
|   => 2
=> 1
10
=====================
checking 4
0 -> 13
|   13 -> 12
|   |   12 -> 11
|   |   |   11 -> 10
|   |   |   |   10 -> 4
|   |   |   |   |   4 -> 2
|   |   |   |   |   |   2 -> 1
|   |   |   |   |   |   |   1 -> 3
|   |   |   |   |   |   |   |   3 -> 22
|   |   |   |   |   |   |   |   => 1
|   |   |   |   |   |   |   |   3 -> 7
|   |   |   |   |   |   |   |   |   7 -> 8
|   |   |   |   |   |   |   |   |   |   8 -> 9
|   |   |   |   |   |   |   |   |   |   |   9 -> 23
|   |   |   |   |   |   |   |   |   |   |   => 1
|   |   |   |   |   |   |   |   |   |   => 2
|   |   |   |   |   |   |   |   |   => 3
|   |   |   |   |   |   |   |   => 4
|   |   |   |   |   |   |   => 2
|   |   |   |   |   |   => 3
|   |   |   |   |   |   2 -> 5
|   |   |   |   |   |   |   5 -> 14
|   |   |   |   |   |   |   |   14 -> 15
|   |   |   |   |   |   |   |   |   15 -> 16
|   |   |   |   |   |   |   |   |   |   16 -> 18
|   |   |   |   |   |   |   |   |   |   |   18 -> 24
|   |   |   |   |   |   |   |   |   |   |   |   24 -> 25
|   |   |   |   |   |   |   |   |   |   |   |   |   25 -> 26
|   |   |   |   |   |   |   |   |   |   |   |   |   => 1
|   |   |   |   |   |   |   |   |   |   |   |   => 2
|   |   |   |   |   |   |   |   |   |   |   => 3
|   |   |   |   |   |   |   |   |   |   => 4
|   |   |   |   |   |   |   |   |   |   16 -> 17
|   |   |   |   |   |   |   |   |   |   |   17 -> 27
|   |   |   |   |   |   |   |   |   |   |   |   27 -> 28
|   |   |   |   |   |   |   |   |   |   |   |   => 1
|   |   |   |   |   |   |   |   |   |   |   => 2
|   |   |   |   |   |   |   |   |   |   => 3
|   |   |   |   |   |   |   |   |   => 4
|   |   |   |   |   |   |   |   => 1
|   |   |   |   |   |   |   => 2
|   |   |   |   |   |   => 3
|   |   |   |   |   Impossible! (badcount 2)
00000000000000000000000000000
