  3  2  2  1  0  1  0  0  0  1  0  1  0
at 1 <- 0 after 0
|   at 6 <- 1 after 1
|   at 4 <- 1 after 1
|   at 2 <- 1 after 1
|   |   at 9 <- 2 after 2
|   |   at 8 <- 2 after 2
|   |   at 3 <- 2 after 2
|   => 2
=> 3
5
at 2 <- 0 after 0
|   at 9 <- 2 after 1
|   at 8 <- 2 after 1
|   at 3 <- 2 after 1
|   |   at 12 <- 3 after 2
|   |   at 10 <- 3 after 2
|   => 1
|   at 1 <- 2 after 1
|   |   at 6 <- 1 after 2
|   |   at 4 <- 1 after 2
|   => 1
=> 4
6
at 3 <- 0 after 0
|   at 12 <- 3 after 1
|   at 10 <- 3 after 1
|   at 2 <- 3 after 1
|   |   at 9 <- 2 after 2
|   |   at 8 <- 2 after 2
|   |   at 1 <- 2 after 2
|   |   |   at 6 <- 1 after 3
|   |   |   at 4 <- 1 after 3
|   |   => 1
|   => 3
=> 4
6
at 4 <- 0 after 0
|   at 5 <- 4 after 1
|   at 1 <- 4 after 1
|   |   at 6 <- 1 after 2
|   |   at 2 <- 1 after 2
|   => 1
=> 1
3
1
at 6 <- 0 after 0
|   at 7 <- 6 after 1
|   at 1 <- 6 after 1
|   |   at 4 <- 1 after 2
|   |   at 2 <- 1 after 2
|   => 1
=> 1
3
1
1
1
at 10 <- 0 after 0
|   at 11 <- 10 after 1
|   at 3 <- 10 after 1
|   |   at 12 <- 3 after 2
|   |   at 2 <- 3 after 2
|   => 1
=> 1
3
1
at 12 <- 0 after 0
|   at 13 <- 12 after 1
|   at 3 <- 12 after 1
|   |   at 10 <- 3 after 2
|   |   at 2 <- 3 after 2
|   => 1
=> 1
3
1
