============
size 1
(  0) 1
(  1) 49999
(  2) 49999
(  3) 50000
(  4) 50000
(  5) 50000
( 12) 1
============
size 2
(  0  2) 1
(  0  3) 1
(  0  4) 1
(  0  5) 1
(  1  2) 49998
(  1  3) 49999
(  1  4) 49999
(  1  5) 49999
(  1 12) 1
(  2  3) 49999
(  2  4) 49999
(  2  5) 49999
(  3  4) 50000
(  3  5) 50000
(  3 12) 1
(  4  5) 50000
(  4 12) 1
(  5 12) 1
============
size 3
(  0  2  3) 1
(  0  2  4) 1
(  0  2  5) 1
(  0  3  4) 1
(  0  3  5) 1
(  0  4  5) 1
(  1  2  3) 49998
(  1  2  4) 49998
(  1  2  5) 49998
(  1  3  4) 49999
(  1  3  5) 49999
(  1  3 12) 1
(  1  4  5) 49999
(  1  4 12) 1
(  1  5 12) 1
(  2  3  4) 49999
(  2  3  5) 49999
(  2  4  5) 49999
(  3  4  5) 50000
(  3  4 12) 1
(  3  5 12) 1
(  4  5 12) 1
============
size 4
(  0  2  3  4) 1
(  0  2  3  5) 1
(  0  2  4  5) 1
(  0  3  4  5) 1
(  1  2  3  4) 49998
(  1  2  3  5) 49998
(  1  2  4  5) 49998
(  1  3  4  5) 49999
(  1  3  4 12) 1
(  1  3  5 12) 1
(  1  4  5 12) 1
(  2  3  4  5) 49999
(  3  4  5 12) 1
============
size 5
(  0  2  3  4  5) 1
(  1  2  3  4  5) 49998
(  1  3  4  5 12) 1
352466352
